<?xml version="1.0" encoding="UTF-8"?>
<testsuite name="SCA_CI_Test.TestSuite 1" tests="1" failures="0" errors="0" time="0.314"><properties><property name="java.runtime.name" value="Java(TM) SE Runtime Environment"/><property name="sun.boot.library.path" value="C:\Progra~1\Java\jdk1.8.0_121\jre\bin"/><property name="java.vm.version" value="25.121-b13"/><property name="user.country.format" value="ES"/><property name="maven.multiModuleProjectDirectory" value="D:\JDeveloper\mywork\CIforSOADemo"/><property name="java.vm.vendor" value="Oracle Corporation"/><property name="java.vendor.url" value="http://java.oracle.com/"/><property name="guice.disable.misplaced.annotation.check" value="true"/><property name="path.separator" value=";"/><property name="java.vm.name" value="Java HotSpot(TM) 64-Bit Server VM"/><property name="file.encoding.pkg" value="sun.io"/><property name="user.country" value="US"/><property name="user.script" value=""/><property name="sun.java.launcher" value="SUN_STANDARD"/><property name="sun.os.patch.level" value=""/><property name="java.vm.specification.name" value="Java Virtual Machine Specification"/><property name="user.dir" value="D:\JDeveloper\mywork\CIforSOADemo"/><property name="java.runtime.version" value="1.8.0_121-b13"/><property name="java.awt.graphicsenv" value="sun.awt.Win32GraphicsEnvironment"/><property name="java.endorsed.dirs" value="C:\Progra~1\Java\jdk1.8.0_121\jre\lib\endorsed"/><property name="os.arch" value="amd64"/><property name="java.io.tmpdir" value="C:\Users\jamadrid\AppData\Local\Temp\"/><property name="line.separator" value="
"/><property name="java.vm.specification.vendor" value="Oracle Corporation"/><property name="user.variant" value=""/><property name="os.name" value="Windows 10"/><property name="classworlds.conf" value="D:\Software\Maven\apache-maven-3.3.9\bin\..\bin\m2.conf"/><property name="sun.jnu.encoding" value="Cp1252"/><property name="java.library.path" value="C:\Progra~1\Java\jdk1.8.0_121\bin;C:\windows\Sun\Java\bin;C:\windows\system32;C:\windows;C:\ProgramData\Oracle\Java\javapath;C:\windows\system32;C:\windows;C:\windows\System32\Wbem;C:\windows\System32\WindowsPowerShell\v1.0\;C:\Program Files (x86)\Sennheiser\SoftphoneSDK\;D:\Oracle\Middleware\SOA_Suite_12_2_1_Home\OPatch;D:\Software\Maven\apache-maven-3.3.9\bin;D:\Software\GIT\Git\cmd;D:\Software\GIT\Git\mingw64\bin;D:\Software\GIT\Git\usr\bin;."/><property name="sun.awt.enableExtraMouseButtons" value="true"/><property name="java.specification.name" value="Java Platform API Specification"/><property name="java.class.version" value="52.0"/><property name="sun.management.compiler" value="HotSpot 64-Bit Tiered Compilers"/><property name="os.version" value="10.0"/><property name="user.home" value="C:\Users\jamadrid"/><property name="user.timezone" value="Europe/Paris"/><property name="java.awt.printerjob" value="sun.awt.windows.WPrinterJob"/><property name="file.encoding" value="Cp1252"/><property name="java.specification.version" value="1.8"/><property name="java.class.path" value="D:\Software\Maven\apache-maven-3.3.9\bin\..\boot\plexus-classworlds-2.5.2.jar"/><property name="user.name" value="jamadrid"/><property name="java.vm.specification.version" value="1.8"/><property name="sun.java.command" value="org.codehaus.plexus.classworlds.launcher.Launcher test"/><property name="java.home" value="C:\Progra~1\Java\jdk1.8.0_121\jre"/><property name="sun.arch.data.model" value="64"/><property name="user.language" value="en"/><property name="java.specification.vendor" value="Oracle Corporation"/><property name="user.language.format" value="es"/><property name="awt.toolkit" value="sun.awt.windows.WToolkit"/><property name="java.vm.info" value="mixed mode"/><property name="java.version" value="1.8.0_121"/><property name="java.ext.dirs" value="C:\Progra~1\Java\jdk1.8.0_121\jre\lib\ext;C:\windows\Sun\Java\lib\ext"/><property name="sun.boot.class.path" value="C:\Progra~1\Java\jdk1.8.0_121\jre\lib\resources.jar;C:\Progra~1\Java\jdk1.8.0_121\jre\lib\rt.jar;C:\Progra~1\Java\jdk1.8.0_121\jre\lib\sunrsasign.jar;C:\Progra~1\Java\jdk1.8.0_121\jre\lib\jsse.jar;C:\Progra~1\Java\jdk1.8.0_121\jre\lib\jce.jar;C:\Progra~1\Java\jdk1.8.0_121\jre\lib\charsets.jar;C:\Progra~1\Java\jdk1.8.0_121\jre\lib\jfr.jar;C:\Progra~1\Java\jdk1.8.0_121\jre\classes"/><property name="java.vendor" value="Oracle Corporation"/><property name="sun.stderr.encoding" value="cp437"/><property name="maven.home" value="D:\Software\Maven\apache-maven-3.3.9\bin\.."/><property name="file.separator" value="\"/><property name="java.vendor.url.bug" value="http://bugreport.sun.com/bugreport/"/><property name="sun.io.unicode.encoding" value="UnicodeLittle"/><property name="sun.cpu.endian" value="little"/><property name="sun.stdout.encoding" value="cp437"/><property name="sun.desktop" value="windows"/><property name="sun.cpu.isalist" value="amd64"/></properties><testcase name="TestCase 1" time="0.314"/></testsuite>